<?xml version="1.0" encoding="UTF-8"?>
<!-- Generated by org.testng.reporters.JUnitReportReporter -->
<testsuite hostname="DESKTOP-SQDSI01" failures="0" tests="1" name="ChinaSystem.Practice" time="12.169" errors="0" timestamp="2022-08-18T19:30:40 IST" skipped="0">
  <testcase classname="ChinaSystem.Practice" name="test" time="12.169"/>
  <system-out/>
</testsuite> <!-- ChinaSystem.Practice -->
