<?xml version="1.0" encoding="UTF-8"?>
<!-- Generated by org.testng.reporters.JUnitReportReporter -->
<testsuite hostname="DESKTOP-SQDSI01" failures="0" tests="1" name="ChinaSystem.AutomateIPLC_RegisterLC" time="24.703" errors="0" timestamp="2022-08-11T14:00:24 IST" skipped="0">
  <testcase classname="ChinaSystem.AutomateIPLC_RegisterLC" name="TEST" time="24.703"/>
  <system-out/>
</testsuite> <!-- ChinaSystem.AutomateIPLC_RegisterLC -->
